1601630323271	mozrunner::runner	INFO	Running command: "C:\\Program Files\\Mozilla Firefox\\firefox.exe" "-marionette" "-foreground" "-no-remote" "-profile" "C:\\Users\\86130\\AppData\\Local\\Temp\\rust_mozprofileuhq5gw"
JavaScript error: resource://gre/modules/XULStore.jsm, line 66: Error: Can't find profile directory.
console.error: SearchCache: "_readCacheFile: Error reading cache file:" (new Error("", "(unknown module)"))
1601630326197	Marionette	INFO	Listening on port 9802
1601630326424	Marionette	WARN	TLS certificate errors will be ignored for this session
1601630359140	Marionette	INFO	Stopped listening on port 9802

###!!! [Child][RunMessage] Error: Channel closing: too late to send/recv, messages will be lost


###!!! [Child][MessageChannel::SendAndWait] Error: Channel error: cannot send/recv

1601630430367	mozrunner::runner	INFO	Running command: "C:\\Program Files\\Mozilla Firefox\\firefox.exe" "-marionette" "-foreground" "-no-remote" "-profile" "C:\\Users\\86130\\AppData\\Local\\Temp\\rust_mozprofileE09XWm"
JavaScript error: resource://gre/modules/XULStore.jsm, line 66: Error: Can't find profile directory.
console.error: SearchCache: "_readCacheFile: Error reading cache file:" (new Error("", "(unknown module)"))
1601630432426	Marionette	INFO	Listening on port 9940
1601630432487	Marionette	WARN	TLS certificate errors will be ignored for this session
console.error: services.settings: 
  main/message-groups Signature failed  TypeError: NetworkError when attempting to fetch resource.
console.error: services.settings: 
  main/messaging-experiments Signature failed  TypeError: NetworkError when attempting to fetch resource.
console.error: services.settings: 
  main/fxmonitor-breaches Signature failed  TypeError: NetworkError when attempting to fetch resource.
console.error: services.settings: 
  main/cfr-fxa Signature failed  TypeError: NetworkError when attempting to fetch resource.
console.error: services.settings: 
  main/cfr Signature failed  TypeError: NetworkError when attempting to fetch resource.
1601630446908	mozrunner::runner	INFO	Running command: "C:\\Program Files\\Mozilla Firefox\\firefox.exe" "-marionette" "-foreground" "-no-1601630456026	Marionette	INFO	Stopped listening on port 9940

###!!! [Child][RunMessage] Error: Channel closing: too late to send/recv, messages will be lost


###!!! [Child][MessageChannel::SendAndWait] Error: Channel error: cannot send/recv

ile:" (new Error("", "(unknown module)"))
1601630449095	Marionette	INFO	Listening on port 10103
1601630449532	Marionette	WARN	TLS certificate errors will be ignored for this session
console.error: services.settings: 
  main/message-groups Signature failed  TypeError: NetworkError when attempting to fetch resource.
console.error: services.settings: 
  main/fxmonitor-breaches Signature failed  TypeError: NetworkError when attempting to fetch resource.
console.error: services.settings: 
  main/messaging-experiments Signature failed  TypeError: NetworkError when attempting to fetch resource.
console.error: services.settings: 
  main/cfr-fxa Signature failed  TypeError: NetworkError when attempting to fetch resource.
console.error: services.settings: 
  main/cfr Signature failed  TypeError: NetworkError when attempting to fetch resource.
1601630455748	Marionette	INFO	Stopped listening on port 10103

###!!! [Child][RunMessage] Error: Channel closing: too late to send/recv, messages will be lost


###!!! [Child][MessageChannel::SendAndWait] Error: Channel error: cannot send/recv

1601630522724	mozrunner::runner	INFO	Running command: "C:\\Program Files\\Mozilla Firefox\\firefox.exe" "-marionette" "-foreground" "-no-remote" "-profile" "C:\\Users\\86130\\AppData\\Local\\Temp\\rust_mozprofilewCf6QS"
JavaScript error: resource://gre/modules/XULStore.jsm, line 66: Error: Can't find profile directory.
console.error: SearchCache: "_readCacheFile: Error reading cache file:" (new Error("", "(unknown module)"))
1601630524774	Marionette	INFO	Listening on port 10296
1601630524846	Marionette	WARN	TLS certificate errors will be ignored for this session
1601630543283	Marionette	INFO	Stopped listening on port 10296

###!!! [Child][MessageChannel::SendAndWait] Error: Channel error: cannot send/recv

1601630546873	mozrunner::runner	INFO	Running command: "C:\\Program Files\\Mozilla Firefox\\firefox.exe" "-marionette" "-foreground" "-no-remote" "-profile" "C:\\Users\\86130\\AppData\\Local\\Temp\\rust_mozprofile4l1X7N"
JavaScript error: resource://gre/modules/XULStore.jsm, line 66: Error: Can't find profile directory.
console.error: SearchCache: "_readCacheFile: Error reading cache file:" (new Error("", "(unknown module)"))
1601630549014	Marionette	INFO	Listening on port 10393
1601630549496	Marionette	WARN	TLS certificate errors will be ignored for this session
1601630564573	Marionette	INFO	Stopped listening on port 10393

###!!! [Child][RunMessage] Error: Channel closing: too late to send/recv, messages will be lost


###!!! [Child][MessageChannel::SendAndWait] Error: Channel error: cannot send/recv

1601630568152	mozrunner::runner	INFO	Running command: "C:\\Program Files\\Mozilla Firefox\\firefox.exe" "-marionette" "-foreground" "-no-remote" "-profile" "C:\\Users\\86130\\AppData\\Local\\Temp\\rust_mozprofileD4UM3D"
JavaScript error: resource://gre/modules/XULStore.jsm, line 66: Error: Can't find profile directory.
console.error: SearchCache: "_readCacheFile: Error reading cache file:" (new Error("", "(unknown module)"))
1601630570232	Marionette	INFO	Listening on port 10501
1601630570276	Marionette	WARN	TLS certificate errors will be ignored for this session
1601630582641	Marionette	INFO	Stopped listening on port 10501

###!!! [Child][RunMessage] Error: Channel closing: too late to send/recv, messages will be lost


###!!! [Child][MessageChannel::SendAndWait] Error: Channel error: cannot send/recv

1601630586268	mozrunner::runner	INFO	Running command: "C:\\Program Files\\Mozilla Firefox\\firefox.exe" "-marionette" "-foreground" "-no-remote" "-profile" "C:\\Users\\86130\\AppData\\Local\\Temp\\rust_mozprofileuyXp6K"
JavaScript error: resource://gre/modules/XULStore.jsm, line 66: Error: Can't find profile directory.
console.error: SearchCache: "_readCacheFile: Error reading cache file:" (new Error("", "(unknown module)"))
1601630588311	Marionette	INFO	Listening on port 10577
1601630588390	Marionette	WARN	TLS certificate errors will be ignored for this session
1601630599666	Marionette	INFO	Stopped listening on port 10577

###!!! [Child][RunMessage] Error: Channel closing: too late to send/recv, messages will be lost


###!!! [Child][MessageChannel::SendAndWait] Error: Channel error: cannot send/recv

1601630603316	mozrunner::runner	INFO	Running command: "C:\\Program Files\\Mozilla Firefox\\firefox.exe" "-marionette" "-foreground" "-no-remote" "-profile" "C:\\Users\\86130\\AppData\\Local\\Temp\\rust_mozprofileQwqKnT"
JavaScript error: resource://gre/modules/XULStore.jsm, line 66: Error: Can't find profile directory.
console.error: SearchCache: "_readCacheFile: Error reading cache file:" (new Error("", "(unknown module)"))
1601630605401	Marionette	INFO	Listening on port 10663
1601630605438	Marionette	WARN	TLS certificate errors will be ignored for this session
1601630621432	Marionette	INFO	Stopped listening on port 10663

###!!! [Child][RunMessage] Error: Channel closing: too late to send/recv, messages will be lost


###!!! [Child][MessageChannel::SendAndWait] Error: Channel error: cannot send/recv

1601630625043	mozrunner::runner	INFO	Running command: "C:\\Program Files\\Mozilla Firefox\\firefox.exe" "-marionette" "-foreground" "-no-remote" "-profile" "C:\\Users\\86130\\AppData\\Local\\Temp\\rust_mozprofileb0BLLF"
JavaScript error: resource://gre/modules/XULStore.jsm, line 66: Error: Can't find profile directory.
console.error: SearchCache: "_readCacheFile: Error reading cache file:" (new Error("", "(unknown module)"))
1601630627084	Marionette	INFO	Listening on port 10747
1601630627167	Marionette	WARN	TLS certificate errors will be ignored for this session
1601630640190	Marionette	INFO	Stopped listening on port 10747

###!!! [Child][RunMessage] Error: Channel closing: too late to send/recv, messages will be lost


###!!! [Child][MessageChannel::SendAndWait] Error: Channel error: cannot send/recv

1601630643820	mozrunner::runner	INFO	Running command: "C:\\Program Files\\Mozilla Firefox\\firefox.exe" "-marionette" "-foreground" "-no-remote" "-profile" "C:\\Users\\86130\\AppData\\Local\\Temp\\rust_mozprofileHws1GA"
JavaScript error: resource://gre/modules/XULStore.jsm, line 66: Error: Can't find profile directory.
console.error: SearchCache: "_readCacheFile: Error reading cache file:" (new Error("", "(unknown module)"))
1601630645893	Marionette	INFO	Listening on port 10833
1601630645950	Marionette	WARN	TLS certificate errors will be ignored for this session
1601630658876	Marionette	INFO	Stopped listening on port 10833

###!!! [Child][RunMessage] Error: Channel closing: too late to send/recv, messages will be lost


###!!! [Child][MessageChannel::SendAndWait] Error: Channel error: cannot send/recv

1601630662509	mozrunner::runner	INFO	Running command: "C:\\Program Files\\Mozilla Firefox\\firefox.exe" "-marionette" "-foreground" "-no-remote" "-profile" "C:\\Users\\86130\\AppData\\Local\\Temp\\rust_mozprofilenf7Gx8"
JavaScript error: resource://gre/modules/XULStore.jsm, line 66: Error: Can't find profile directory.
console.error: SearchCache: "_readCacheFile: Error reading cache file:" (new Error("", "(unknown module)"))
1601630664541	Marionette	INFO	Listening on port 10915
1601630664630	Marionette	WARN	TLS certificate errors will be ignored for this session
1601630696282	Marionette	INFO	Stopped listening on port 10915

###!!! [Child][RunMessage] Error: Channel closing: too late to send/recv, messages will be lost


###!!! [Child][MessageChannel::SendAndWait] Error: Channel error: cannot send/recv

1601630699924	mozrunner::runner	INFO	Running command: "C:\\Program Files\\Mozilla Firefox\\firefox.exe" "-marionette" "-foreground" "-no-remote" "-profile" "C:\\Users\\86130\\AppData\\Local\\Temp\\rust_mozprofileKmbS5d"
JavaScript error: resource://gre/modules/XULStore.jsm, line 66: Error: Can't find profile directory.
console.error: SearchCache: "_readCacheFile: Error reading cache file:" (new Error("", "(unknown module)"))
1601630702048	Marionette	INFO	Listening on port 11006
1601630702054	Marionette	WARN	TLS certificate errors will be ignored for this session
1601630713705	Marionette	INFO	Stopped listening on port 11006

###!!! [Child][RunMessage] Error: Channel closing: too late to send/recv, messages will be lost


###!!! [Child][RunMessage] Error: Channel closing: too late to send/recv, messages will be lost


###!!! [Child][MessageChannel::SendAndWait] Error: Channel error: cannot send/recv

1601630717327	mozrunner::runner	INFO	Running command: "C:\\Program Files\\Mozilla Firefox\\firefox.exe" "-marionette" "-foreground" "-no-remote" "-profile" "C:\\Users\\86130\\AppData\\Local\\Temp\\rust_mozprofilejHmvTI"
JavaScript error: resource://gre/modules/XULStore.jsm, line 66: Error: Can't find profile directory.
console.error: SearchCache: "_readCacheFile: Error reading cache file:" (new Error("", "(unknown module)"))
1601630719354	Marionette	INFO	Listening on port 11087
1601630719445	Marionette	WARN	TLS certificate errors will be ignored for this session
1601630733946	Marionette	INFO	Stopped listening on port 11087

###!!! [Child][RunMessage] Error: Channel closing: too late to send/recv, messages will be lost


###!!! [Child][MessageChannel::SendAndWait] Error: Channel error: cannot send/recv

1601630737560	mozrunner::runner	INFO	Running command: "C:\\Program Files\\Mozilla Firefox\\firefox.exe" "-marionette" "-foreground" "-no-remote" "-profile" "C:\\Users\\86130\\AppData\\Local\\Temp\\rust_mozprofile4BcN6n"
JavaScript error: resource://gre/modules/XULStore.jsm, line 66: Error: Can't find profile directory.
console.error: SearchCache: "_readCacheFile: Error reading cache file:" (new Error("", "(unknown module)"))
1601630739592	Marionette	INFO	Listening on port 11166
1601630739679	Marionette	WARN	TLS certificate errors will be ignored for this session
1601630750962	Marionette	INFO	Stopped listening on port 11166

###!!! [Child][RunMessage] Error: Channel closing: too late to send/recv, messages will be lost


###!!! [Child][MessageChannel::SendAndWait] Error: Channel error: cannot send/recv

1601630754602	mozrunner::runner	INFO	Running command: "C:\\Program Files\\Mozilla Firefox\\firefox.exe" "-marionette" "-foreground" "-no-remote" "-profile" "C:\\Users\\86130\\AppData\\Local\\Temp\\rust_mozprofilespQz8T"
JavaScript error: resource://gre/modules/XULStore.jsm, line 66: Error: Can't find profile directory.
console.error: SearchCache: "_readCacheFile: Error reading cache file:" (new Error("", "(unknown module)"))
1601630756681	Marionette	INFO	Listening on port 11244
1601630756725	Marionette	WARN	TLS certificate errors will be ignored for this session
1601630770476	Marionette	INFO	Stopped listening on port 11244

###!!! [Child][RunMessage] Error: Channel closing: too late to send/recv, messages will be lost


###!!! [Child][MessageChannel::SendAndWait] Error: Channel error: cannot send/recv

1601630774100	mozrunner::runner	INFO	Running command: "C:\\Program Files\\Mozilla Firefox\\firefox.exe" "-marionette" "-foreground" "-no-remote" "-profile" "C:\\Users\\86130\\AppData\\Local\\Temp\\rust_mozprofile3l7u8p"
JavaScript error: resource://gre/modules/XULStore.jsm, line 66: Error: Can't find profile directory.
console.error: SearchCache: "_readCacheFile: Error reading cache file:" (new Error("", "(unknown module)"))
1601630776152	Marionette	INFO	Listening on port 11325
1601630776223	Marionette	WARN	TLS certificate errors will be ignored for this session
1601630790262	Marionette	INFO	Stopped listening on port 11325

###!!! [Child][RunMessage] Error: Channel closing: too late to send/recv, messages will be lost


###!!! [Child][MessageChannel::SendAndWait] Error: Channel error: cannot send/recv

1601630793875	mozrunner::runner	INFO	Running command: "C:\\Program Files\\Mozilla Firefox\\firefox.exe" "-marionette" "-foreground" "-no-remote" "-profile" "C:\\Users\\86130\\AppData\\Local\\Temp\\rust_mozprofileNfv2xk"
JavaScript error: resource://gre/modules/XULStore.jsm, line 66: Error: Can't find profile directory.
console.error: SearchCache: "_readCacheFile: Error reading cache file:" (new Error("", "(unknown module)"))
1601630795928	Marionette	INFO	Listening on port 11403
1601630795997	Marionette	WARN	TLS certificate errors will be ignored for this session
1601630807877	Marionette	INFO	Stopped listening on port 11403

###!!! [Child][RunMessage] Error: Channel closing: too late to send/recv, messages will be lost


###!!! [Child][MessageChannel::SendAndWait] Error: Channel error: cannot send/recv

1601630811492	mozrunner::runner	INFO	Running command: "C:\\Program Files\\Mozilla Firefox\\firefox.exe" "-marionette" "-foreground" "-no-remote" "-profile" "C:\\Users\\86130\\AppData\\Local\\Temp\\rust_mozprofileaVRYX2"
JavaScript error: resource://gre/modules/XULStore.jsm, line 66: Error: Can't find profile directory.
console.error: SearchCache: "_readCacheFile: Error reading cache file:" (new Error("", "(unknown module)"))
1601630813517	Marionette	INFO	Listening on port 11484
1601630813522	Marionette	WARN	TLS certificate errors will be ignored for this session
1601630826632	Marionette	INFO	Stopped listening on port 11484

###!!! [Child][RunMessage] Error: Channel closing: too late to send/recv, messages will be lost


###!!! [Child][RunMessage] Error: Channel closing: too late to send/recv, messages will be lost


###!!! [Child][MessageChannel::SendAndWait] Error: Channel error: cannot send/recv

1601630830253	mozrunner::runner	INFO	Running command: "C:\\Program Files\\Mozilla Firefox\\firefox.exe" "-marionette" "-foreground" "-no-remote" "-profile" "C:\\Users\\86130\\AppData\\Local\\Temp\\rust_mozprofileqZwvi9"
JavaScript error: resource://gre/modules/XULStore.jsm, line 66: Error: Can't find profile directory.
console.error: SearchCache: "_readCacheFile: Error reading cache file:" (new Error("", "(unknown module)"))
1601630832351	Marionette	INFO	Listening on port 11564
1601630832378	Marionette	WARN	TLS certificate errors will be ignored for this session
1601630843182	Marionette	INFO	Stopped listening on port 11564

###!!! [Child][RunMessage] Error: Channel closing: too late to send/recv, messages will be lost


###!!! [Child][MessageChannel::SendAndWait] Error: Channel error: cannot send/recv

1601630846808	mozrunner::runner	INFO	Running command: "C:\\Program Files\\Mozilla Firefox\\firefox.exe" "-marionette" "-foreground" "-no-remote" "-profile" "C:\\Users\\86130\\AppData\\Local\\Temp\\rust_mozprofileoIs2pD"
JavaScript error: resource://gre/modules/XULStore.jsm, line 66: Error: Can't find profile directory.
console.error: SearchCache: "_readCacheFile: Error reading cache file:" (new Error("", "(unknown module)"))
1601630848844	Marionette	INFO	Listening on port 11644
1601630848931	Marionette	WARN	TLS certificate errors will be ignored for this session
1601630860989	Marionette	INFO	Stopped listening on port 11644

###!!! [Child][RunMessage] Error: Channel closing: too late to send/recv, messages will be lost


###!!! [Child][MessageChannel::SendAndWait] Error: Channel error: cannot send/recv

1601630864599	mozrunner::runner	INFO	Running command: "C:\\Program Files\\Mozilla Firefox\\firefox.exe" "-marionette" "-foreground" "-no-remote" "-profile" "C:\\Users\\86130\\AppData\\Local\\Temp\\rust_mozprofileSDpJV5"
JavaScript error: resource://gre/modules/XULStore.jsm, line 66: Error: Can't find profile directory.
console.error: SearchCache: "_readCacheFile: Error reading cache file:" (new Error("", "(unknown module)"))
1601630866642	Marionette	INFO	Listening on port 11721
1601630866723	Marionette	WARN	TLS certificate errors will be ignored for this session
1601630881272	Marionette	INFO	Stopped listening on port 11721
JavaScript error: resource://gre/modules/UrlClassifierListManager.jsm, line 691: TypeError: this.tablesData[table] is undefined

###!!! [Child][RunMessage] Error: Channel closing: too late to send/recv, messages will be lost


###!!! [Child][MessageChannel::SendAndWait] Error: Channel error: cannot send/recv

1619823338242	mozrunner::runner	INFO	Running command: "C:\\Program Files\\Mozilla Firefox\\firefox.exe" "-marionette" "-foreground" "-no-remote" "-profile" "C:\\Users\\86130\\AppData\\Local\\Temp\\rust_mozprofileAH1EWE"
JavaScript error: resource://gre/modules/XULStore.jsm, line 66: Error: Can't find profile directory.
console.warn: SearchSettings: "get: No settings file exists, new profile?" (new Error("", "(unknown module)"))
1619823344293	Marionette	INFO	Listening on port 9240
console.warn: SearchSettings: "get: No settings file exists, new profile?" (new Error("", "(unknown module)"))
1619823344535	Marionette	WARN	TLS certificate errors will be ignored for this session
1619823344594	Marionette	ERROR	[18] No reply from Marionette:Register
1619823349785	Marionette	INFO	Stopped listening on port 9240

###!!! [Child][RunMessage] Error: Channel closing: too late to send/recv, messages will be lost

1619823353790	mozrunner::runner	INFO	Running command: "C:\\Program Files\\Mozilla Firefox\\firefox.exe" "-marionette" "-foreground" "-no-remote" "-profile" "C:\\Users\\86130\\AppData\\Local\\Temp\\rust_mozprofileahtzS0"
JavaScript error: resource://gre/modules/XULStore.jsm, line 66: Error: Can't find profile directory.
console.warn: SearchSettings: "get: No settings file exists, new profile?" (new Error("", "(unknown module)"))
console.warn: SearchSettings: "get: No settings file exists, new profile?" (new Error("", "(unknown module)"))
1619823358060	Marionette	INFO	Listening on port 9316
1619823358557	Marionette	WARN	TLS certificate errors will be ignored for this session
1619823358592	Marionette	ERROR	[18] No reply from Marionette:Register
1619823363528	Marionette	INFO	Stopped listening on port 9316

###!!! [Child][RunMessage] Error: Channel closing: too late to send/recv, messages will be lost

1619823367394	mozrunner::runner	INFO	Running command: "C:\\Program Files\\Mozilla Firefox\\firefox.exe" "-marionette" "-foreground" "-no-remote" "-profile" "C:\\Users\\86130\\AppData\\Local\\Temp\\rust_mozprofilexynoHI"
JavaScript error: resource://gre/modules/XULStore.jsm, line 66: Error: Can't find profile directory.
console.warn: SearchSettings: "get: No settings file exists, new profile?" (new Error("", "(unknown module)"))
console.warn: SearchSettings: "get: No settings file exists, new profile?" (new Error("", "(unknown module)"))
1619823371144	Marionette	INFO	Listening on port 9394
1619823371555	Marionette	WARN	TLS certificate errors will be ignored for this session
1619823371617	Marionette	ERROR	[21] No reply from Marionette:Register
1619823376000	Marionette	INFO	Stopped listening on port 9394
1619823380179	mozrunner::runner	INFO	Running command: "C:\\Program Files\\Mozilla Firefox\\firefox.exe" "-marionette" "-foreground" "-no-remote" "-profile" "C:\\Users\\86130\\AppData\\Local\\Temp\\rust_mozprofile5ImwUq"
JavaScript error: resource://gre/modules/XULStore.jsm, line 66: Error: Can't find profile directory.
console.warn: SearchSettings: "get: No settings file exists, new profile?" (new Error("", "(unknown module)"))
console.warn: SearchSettings: "get: No settings file exists, new profile?" (new Error("", "(unknown module)"))
1619823383636	Marionette	INFO	Listening on port 9468
1619823383837	Marionette	WARN	TLS certificate errors will be ignored for this session
1619823383882	Marionette	ERROR	[18] No reply from Marionette:Register
1619823389086	Marionette	INFO	Stopped listening on port 9468

###!!! [Child][RunMessage] Error: Channel closing: too late to send/recv, messages will be lost

1619823392929	mozrunner::runner	INFO	Running command: "C:\\Program Files\\Mozilla Firefox\\firefox.exe" "-marionette" "-foreground" "-no-remote" "-profile" "C:\\Users\\86130\\AppData\\Local\\Temp\\rust_mozprofileHnugPz"
JavaScript error: resource://gre/modules/XULStore.jsm, line 66: Error: Can't find profile directory.
console.warn: SearchSettings: "get: No settings file exists, new profile?" (new Error("", "(unknown module)"))
console.warn: SearchSettings: "get: No settings file exists, new profile?" (new Error("", "(unknown module)"))
1619823396170	Marionette	INFO	Listening on port 9539
1619823396576	Marionette	WARN	TLS certificate errors will be ignored for this session
1619823396624	Marionette	ERROR	[21] No reply from Marionette:Register
1619823402237	Marionette	INFO	Stopped listening on port 9539

###!!! [Child][RunMessage] Error: Channel closing: too late to send/recv, messages will be lost

1619823406067	mozrunner::runner	INFO	Running command: "C:\\Program Files\\Mozilla Firefox\\firefox.exe" "-marionette" "-foreground" "-no-remote" "-profile" "C:\\Users\\86130\\AppData\\Local\\Temp\\rust_mozprofileyWTbXQ"
JavaScript error: resource://gre/modules/XULStore.jsm, line 66: Error: Can't find profile directory.
console.warn: SearchSettings: "get: No settings file exists, new profile?" (new Error("", "(unknown module)"))
console.warn: SearchSettings: "get: No settings file exists, new profile?" (new Error("", "(unknown module)"))
1619823409430	Marionette	INFO	Listening on port 9614
1619823409719	Marionette	WARN	TLS certificate errors will be ignored for this session
1619823409762	Marionette	ERROR	[18] No reply from Marionette:Register
1619823415437	Marionette	INFO	Stopped listening on port 9614

###!!! [Child][RunMessage] Error: Channel closing: too late to send/recv, messages will be lost

1619823419278	mozrunner::runner	INFO	Running command: "C:\\Program Files\\Mozilla Firefox\\firefox.exe" "-marionette" "-foreground" "-no-remote" "-profile" "C:\\Users\\86130\\AppData\\Local\\Temp\\rust_mozprofile2H16Mr"
JavaScript error: resource://gre/modules/XULStore.jsm, line 66: Error: Can't find profile directory.
console.warn: SearchSettings: "get: No settings file exists, new profile?" (new Error("", "(unknown module)"))
console.warn: SearchSettings: "get: No settings file exists, new profile?" (new Error("", "(unknown module)"))
1619823422496	Marionette	INFO	Listening on port 9708
1619823422932	Marionette	WARN	TLS certificate errors will be ignored for this session
1619823422973	Marionette	ERROR	[18] No reply from Marionette:Register
1619823429160	Marionette	INFO	Stopped listening on port 9708

###!!! [Child][RunMessage] Error: Channel closing: too late to send/recv, messages will be lost

1619823432914	mozrunner::runner	INFO	Running command: "C:\\Program Files\\Mozilla Firefox\\firefox.exe" "-marionette" "-foreground" "-no-remote" "-profile" "C:\\Users\\86130\\AppData\\Local\\Temp\\rust_mozprofileXKMLC5"
JavaScript error: resource://gre/modules/XULStore.jsm, line 66: Error: Can't find profile directory.
console.warn: SearchSettings: "get: No settings file exists, new profile?" (new Error("", "(unknown module)"))
console.warn: SearchSettings: "get: No settings file exists, new profile?" (new Error("", "(unknown module)"))
1619823436368	Marionette	INFO	Listening on port 9783
1619823436576	Marionette	WARN	TLS certificate errors will be ignored for this session
1619823436625	Marionette	ERROR	[18] No reply from Marionette:Register
1619823442303	Marionette	INFO	Stopped listening on port 9783
1619823446273	mozrunner::runner	INFO	Running command: "C:\\Program Files\\Mozilla Firefox\\firefox.exe" "-marionette" "-foreground" "-no-remote" "-profile" "C:\\Users\\86130\\AppData\\Local\\Temp\\rust_mozprofilev8ghut"
JavaScript error: resource://gre/modules/XULStore.jsm, line 66: Error: Can't find profile directory.
console.warn: SearchSettings: "get: No settings file exists, new profile?" (new Error("", "(unknown module)"))
console.warn: SearchSettings: "get: No settings file exists, new profile?" (new Error("", "(unknown module)"))
1619823449952	Marionette	INFO	Listening on port 9854
1619823450424	Marionette	WARN	TLS certificate errors will be ignored for this session
1619823450476	Marionette	ERROR	[18] No reply from Marionette:Register
1619823456128	Marionette	INFO	Stopped listening on port 9854

###!!! [Child][RunMessage] Error: Channel closing: too late to send/recv, messages will be lost

1619823459869	mozrunner::runner	INFO	Running command: "C:\\Program Files\\Mozilla Firefox\\firefox.exe" "-marionette" "-foreground" "-no-remote" "-profile" "C:\\Users\\86130\\AppData\\Local\\Temp\\rust_mozprofileAIjwF3"
JavaScript error: resource://gre/modules/XULStore.jsm, line 66: Error: Can't find profile directory.
console.warn: SearchSettings: "get: No settings file exists, new profile?" (new Error("", "(unknown module)"))
console.warn: SearchSettings: "get: No settings file exists, new profile?" (new Error("", "(unknown module)"))
1619823463385	Marionette	INFO	Listening on port 9927
1619823463529	Marionette	WARN	TLS certificate errors will be ignored for this session
1619823463583	Marionette	ERROR	[18] No reply from Marionette:Register
1619823470186	Marionette	INFO	Stopped listening on port 9927

###!!! [Child][RunMessage] Error: Channel closing: too late to send/recv, messages will be lost

1619823473952	mozrunner::runner	INFO	Running command: "C:\\Program Files\\Mozilla Firefox\\firefox.exe" "-marionette" "-foreground" "-no-remote" "-profile" "C:\\Users\\86130\\AppData\\Local\\Temp\\rust_mozprofile6reSI3"
JavaScript error: resource://gre/modules/XULStore.jsm, line 66: Error: Can't find profile directory.
console.warn: SearchSettings: "get: No settings file exists, new profile?" (new Error("", "(unknown module)"))
console.warn: SearchSettings: "get: No settings file exists, new profile?" (new Error("", "(unknown module)"))
1619823477301	Marionette	INFO	Listening on port 9997
1619823477600	Marionette	WARN	TLS certificate errors will be ignored for this session
1619823477650	Marionette	ERROR	[18] No reply from Marionette:Register
1619823483519	Marionette	INFO	Stopped listening on port 9997

###!!! [Child][RunMessage] Error: Channel closing: too late to send/recv, messages will be lost

1619823487282	mozrunner::runner	INFO	Running command: "C:\\Program Files\\Mozilla Firefox\\firefox.exe" "-marionette" "-foreground" "-no-remote" "-profile" "C:\\Users\\86130\\AppData\\Local\\Temp\\rust_mozprofile2L4Nvk"
JavaScript error: resource://gre/modules/XULStore.jsm, line 66: Error: Can't find profile directory.
console.warn: SearchSettings: "get: No settings file exists, new profile?" (new Error("", "(unknown module)"))
console.warn: SearchSettings: "get: No settings file exists, new profile?" (new Error("", "(unknown module)"))
1619823490734	Marionette	INFO	Listening on port 10072
1619823490935	Marionette	WARN	TLS certificate errors will be ignored for this session
1619823490980	Marionette	ERROR	[18] No reply from Marionette:Register
1619823496962	Marionette	INFO	Stopped listening on port 10072

###!!! [Child][RunMessage] Error: Channel closing: too late to send/recv, messages will be lost

1619823500710	mozrunner::runner	INFO	Running command: "C:\\Program Files\\Mozilla Firefox\\firefox.exe" "-marionette" "-foreground" "-no-remote" "-profile" "C:\\Users\\86130\\AppData\\Local\\Temp\\rust_mozprofiletARDeF"
JavaScript error: resource://gre/modules/XULStore.jsm, line 66: Error: Can't find profile directory.
console.warn: SearchSettings: "get: No settings file exists, new profile?" (new Error("", "(unknown module)"))
console.warn: SearchSettings: "get: No settings file exists, new profile?" (new Error("", "(unknown module)"))
1619823504031	Marionette	INFO	Listening on port 10145
1619823504367	Marionette	WARN	TLS certificate errors will be ignored for this session
1619823504411	Marionette	ERROR	[18] No reply from Marionette:Register
1619823510400	Marionette	INFO	Stopped listening on port 10145
1619823514267	mozrunner::runner	INFO	Running command: "C:\\Program Files\\Mozilla Firefox\\firefox.exe" "-marionette" "-foreground" "-no-remote" "-profile" "C:\\Users\\86130\\AppData\\Local\\Temp\\rust_mozprofiler4UeTy"
JavaScript error: resource://gre/modules/XULStore.jsm, line 66: Error: Can't find profile directory.
console.warn: SearchSettings: "get: No settings file exists, new profile?" (new Error("", "(unknown module)"))
console.warn: SearchSettings: "get: No settings file exists, new profile?" (new Error("", "(unknown module)"))
1619823517682	Marionette	INFO	Listening on port 10219
1619823517935	Marionette	WARN	TLS certificate errors will be ignored for this session
1619823517975	Marionette	ERROR	[18] No reply from Marionette:Register
1619823523635	Marionette	INFO	Stopped listening on port 10219

###!!! [Child][RunMessage] Error: Channel closing: too late to send/recv, messages will be lost

1619823527386	mozrunner::runner	INFO	Running command: "C:\\Program Files\\Mozilla Firefox\\firefox.exe" "-marionette" "-foreground" "-no-remote" "-profile" "C:\\Users\\86130\\AppData\\Local\\Temp\\rust_mozprofileyuOaCj"
JavaScript error: resource://gre/modules/XULStore.jsm, line 66: Error: Can't find profile directory.
console.warn: SearchSettings: "get: No settings file exists, new profile?" (new Error("", "(unknown module)"))
console.warn: SearchSettings: "get: No settings file exists, new profile?" (new Error("", "(unknown module)"))
1619823530830	Marionette	INFO	Listening on port 10289
1619823531050	Marionette	WARN	TLS certificate errors will be ignored for this session
1619823531096	Marionette	ERROR	[18] No reply from Marionette:Register
1619823536731	Marionette	INFO	Stopped listening on port 10289

###!!! [Child][RunMessage] Error: Channel closing: too late to send/recv, messages will be lost

1619823540487	mozrunner::runner	INFO	Running command: "C:\\Program Files\\Mozilla Firefox\\firefox.exe" "-marionette" "-foreground" "-no-remote" "-profile" "C:\\Users\\86130\\AppData\\Local\\Temp\\rust_mozprofilep1w22U"
JavaScript error: resource://gre/modules/XULStore.jsm, line 66: Error: Can't find profile directory.
console.warn: SearchSettings: "get: No settings file exists, new profile?" (new Error("", "(unknown module)"))
console.warn: SearchSettings: "get: No settings file exists, new profile?" (new Error("", "(unknown module)"))
1619823543809	Marionette	INFO	Listening on port 10363
1619823544131	Marionette	WARN	TLS certificate errors will be ignored for this session
1619823544172	Marionette	ERROR	[18] No reply from Marionette:Register
1619823549834	Marionette	INFO	Stopped listening on port 10363

###!!! [Child][RunMessage] Error: Channel closing: too late to send/recv, messages will be lost

1619823553740	mozrunner::runner	INFO	Running command: "C:\\Program Files\\Mozilla Firefox\\firefox.exe" "-marionette" "-foreground" "-no-remote" "-profile" "C:\\Users\\86130\\AppData\\Local\\Temp\\rust_mozprofileaTnsBi"
JavaScript error: resource://gre/modules/XULStore.jsm, line 66: Error: Can't find profile directory.
console.warn: SearchSettings: "get: No settings file exists, new profile?" (new Error("", "(unknown module)"))
console.warn: SearchSettings: "get: No settings file exists, new profile?" (new Error("", "(unknown module)"))
1619823557154	Marionette	INFO	Listening on port 10435
1619823557387	Marionette	WARN	TLS certificate errors will be ignored for this session
1619823557433	Marionette	ERROR	[18] No reply from Marionette:Register
1619823563319	Marionette	INFO	Stopped listening on port 10435

###!!! [Child][RunMessage] Error: Channel closing: too late to send/recv, messages will be lost

1619823567071	mozrunner::runner	INFO	Running command: "C:\\Program Files\\Mozilla Firefox\\firefox.exe" "-marionette" "-foreground" "-no-remote" "-profile" "C:\\Users\\86130\\AppData\\Local\\Temp\\rust_mozprofile05KstH"
JavaScript error: resource://gre/modules/XULStore.jsm, line 66: Error: Can't find profile directory.
console.warn: SearchSettings: "get: No settings file exists, new profile?" (new Error("", "(unknown module)"))
console.warn: SearchSettings: "get: No settings file exists, new profile?" (new Error("", "(unknown module)"))
1619823570464	Marionette	INFO	Listening on port 10508
1619823570719	Marionette	WARN	TLS certificate errors will be ignored for this session
1619823570764	Marionette	ERROR	[18] No reply from Marionette:Register
1619823576348	Marionette	INFO	Stopped listening on port 10508

###!!! [Child][RunMessage] Error: Channel closing: too late to send/recv, messages will be lost

1619823580162	mozrunner::runner	INFO	Running command: "C:\\Program Files\\Mozilla Firefox\\firefox.exe" "-marionette" "-foreground" "-no-remote" "-profile" "C:\\Users\\86130\\AppData\\Local\\Temp\\rust_mozprofileuvG04S"
JavaScript error: resource://gre/modules/XULStore.jsm, line 66: Error: Can't find profile directory.
console.warn: SearchSettings: "get: No settings file exists, new profile?" (new Error("", "(unknown module)"))
console.warn: SearchSettings: "get: No settings file exists, new profile?" (new Error("", "(unknown module)"))
1619823583406	Marionette	INFO	Listening on port 10571
1619823583807	Marionette	WARN	TLS certificate errors will be ignored for this session
1619823583853	Marionette	ERROR	[18] No reply from Marionette:Register
1619823589600	Marionette	INFO	Stopped listening on port 10571

###!!! [Child][RunMessage] Error: Channel closing: too late to send/recv, messages will be lost

1619823593318	mozrunner::runner	INFO	Running command: "C:\\Program Files\\Mozilla Firefox\\firefox.exe" "-marionette" "-foreground" "-no-remote" "-profile" "C:\\Users\\86130\\AppData\\Local\\Temp\\rust_mozprofilenYesYd"
JavaScript error: resource://gre/modules/XULStore.jsm, line 66: Error: Can't find profile directory.
console.warn: SearchSettings: "get: No settings file exists, new profile?" (new Error("", "(unknown module)"))
console.warn: SearchSettings: "get: No settings file exists, new profile?" (new Error("", "(unknown module)"))
1619823596615	Marionette	INFO	Listening on port 10643
1619823596967	Marionette	WARN	TLS certificate errors will be ignored for this session
1619823597015	Marionette	ERROR	[18] No reply from Marionette:Register
1619823603313	Marionette	INFO	Stopped listening on port 10643

###!!! [Child][RunMessage] Error: Channel closing: too late to send/recv, messages will be lost

1619823607037	mozrunner::runner	INFO	Running command: "C:\\Program Files\\Mozilla Firefox\\firefox.exe" "-marionette" "-foreground" "-no-remote" "-profile" "C:\\Users\\86130\\AppData\\Local\\Temp\\rust_mozprofile59u7EY"
JavaScript error: resource://gre/modules/XULStore.jsm, line 66: Error: Can't find profile directory.
console.warn: SearchSettings: "get: No settings file exists, new profile?" (new Error("", "(unknown module)"))
console.warn: SearchSettings: "get: No settings file exists, new profile?" (new Error("", "(unknown module)"))
1619823610538	Marionette	INFO	Listening on port 10720
1619823610689	Marionette	WARN	TLS certificate errors will be ignored for this session
1619823610739	Marionette	ERROR	[18] No reply from Marionette:Register
1619823618190	Marionette	INFO	Stopped listening on port 10720

###!!! [Child][RunMessage] Error: Channel closing: too late to send/recv, messages will be lost

1619823621945	mozrunner::runner	INFO	Running command: "C:\\Program Files\\Mozilla Firefox\\firefox.exe" "-marionette" "-foreground" "-no-remote" "-profile" "C:\\Users\\86130\\AppData\\Local\\Temp\\rust_mozprofileDyixrk"
JavaScript error: resource://gre/modules/XULStore.jsm, line 66: Error: Can't find profile directory.
console.warn: SearchSettings: "get: No settings file exists, new profile?" (new Error("", "(unknown module)"))
console.warn: SearchSettings: "get: No settings file exists, new profile?" (new Error("", "(unknown module)"))
1619823625353	Marionette	INFO	Listening on port 10799
1619823625614	Marionette	WARN	TLS certificate errors will be ignored for this session
1619823625663	Marionette	ERROR	[21] No reply from Marionette:Register
1619823631630	Marionette	INFO	Stopped listening on port 10799

###!!! [Child][RunMessage] Error: Channel closing: too late to send/recv, messages will be lost

1619823635375	mozrunner::runner	INFO	Running command: "C:\\Program Files\\Mozilla Firefox\\firefox.exe" "-marionette" "-foreground" "-no-remote" "-profile" "C:\\Users\\86130\\AppData\\Local\\Temp\\rust_mozprofile1Oo6VP"
JavaScript error: resource://gre/modules/XULStore.jsm, line 66: Error: Can't find profile directory.
console.warn: SearchSettings: "get: No settings file exists, new profile?" (new Error("", "(unknown module)"))
console.warn: SearchSettings: "get: No settings file exists, new profile?" (new Error("", "(unknown module)"))
1619823638771	Marionette	INFO	Listening on port 10875
1619823639023	Marionette	WARN	TLS certificate errors will be ignored for this session
1619823639071	Marionette	ERROR	[18] No reply from Marionette:Register
1619823644743	Marionette	INFO	Stopped listening on port 10875

###!!! [Child][RunMessage] Error: Channel closing: too late to send/recv, messages will be lost

1619823648504	mozrunner::runner	INFO	Running command: "C:\\Program Files\\Mozilla Firefox\\firefox.exe" "-marionette" "-foreground" "-no-remote" "-profile" "C:\\Users\\86130\\AppData\\Local\\Temp\\rust_mozprofileJkzel3"
JavaScript error: resource://gre/modules/XULStore.jsm, line 66: Error: Can't find profile directory.
console.warn: SearchSettings: "get: No settings file exists, new profile?" (new Error("", "(unknown module)"))
1619823651914	Marionette	INFO	Listening on port 10946
console.warn: SearchSettings: "get: No settings file exists, new profile?" (new Error("", "(unknown module)"))
1619823652151	Marionette	WARN	TLS certificate errors will be ignored for this session
1619823652197	Marionette	ERROR	[18] No reply from Marionette:Register
1619823658091	Marionette	INFO	Stopped listening on port 10946

###!!! [Child][RunMessage] Error: Channel closing: too late to send/recv, messages will be lost

1619823661841	mozrunner::runner	INFO	Running command: "C:\\Program Files\\Mozilla Firefox\\firefox.exe" "-marionette" "-foreground" "-no-remote" "-profile" "C:\\Users\\86130\\AppData\\Local\\Temp\\rust_mozprofileqG6bkQ"
JavaScript error: resource://gre/modules/XULStore.jsm, line 66: Error: Can't find profile directory.
console.warn: SearchSettings: "get: No settings file exists, new profile?" (new Error("", "(unknown module)"))
console.warn: SearchSettings: "get: No settings file exists, new profile?" (new Error("", "(unknown module)"))
1619823665229	Marionette	INFO	Listening on port 11019
1619823665493	Marionette	WARN	TLS certificate errors will be ignored for this session
1619823665539	Marionette	ERROR	[18] No reply from Marionette:Register
1619823671346	Marionette	INFO	Stopped listening on port 11019

###!!! [Child][RunMessage] Error: Channel closing: too late to send/recv, messages will be lost

1619823675185	mozrunner::runner	INFO	Running command: "C:\\Program Files\\Mozilla Firefox\\firefox.exe" "-marionette" "-foreground" "-no-remote" "-profile" "C:\\Users\\86130\\AppData\\Local\\Temp\\rust_mozprofile6y51Oh"
JavaScript error: resource://gre/modules/XULStore.jsm, line 66: Error: Can't find profile directory.
console.warn: SearchSettings: "get: No settings file exists, new profile?" (new Error("", "(unknown module)"))
console.warn: SearchSettings: "get: No settings file exists, new profile?" (new Error("", "(unknown module)"))
1619823678353	Marionette	INFO	Listening on port 11094
1619823678842	Marionette	WARN	TLS certificate errors will be ignored for this session
1619823678887	Marionette	ERROR	[21] No reply from Marionette:Register
1619823683836	Marionette	INFO	Stopped listening on port 11094

###!!! [Child][RunMessage] Error: Channel closing: too late to send/recv, messages will be lost

1619823687600	mozrunner::runner	INFO	Running command: "C:\\Program Files\\Mozilla Firefox\\firefox.exe" "-marionette" "-foreground" "-no-remote" "-profile" "C:\\Users\\86130\\AppData\\Local\\Temp\\rust_mozprofiletHbg0B"
JavaScript error: resource://gre/modules/XULStore.jsm, line 66: Error: Can't find profile directory.
console.warn: SearchSettings: "get: No settings file exists, new profile?" (new Error("", "(unknown module)"))
console.warn: SearchSettings: "get: No settings file exists, new profile?" (new Error("", "(unknown module)"))
1619823690993	Marionette	INFO	Listening on port 11168
1619823691248	Marionette	WARN	TLS certificate errors will be ignored for this session
1619823691294	Marionette	ERROR	[18] No reply from Marionette:Register
1619823696027	Marionette	INFO	Stopped listening on port 11168

###!!! [Child][RunMessage] Error: Channel closing: too late to send/recv, messages will be lost

1619823700006	mozrunner::runner	INFO	Running command: "C:\\Program Files\\Mozilla Firefox\\firefox.exe" "-marionette" "-foreground" "-no-remote" "-profile" "C:\\Users\\86130\\AppData\\Local\\Temp\\rust_mozprofilenzEIZf"
JavaScript error: resource://gre/modules/XULStore.jsm, line 66: Error: Can't find profile directory.
console.warn: SearchSettings: "get: No settings file exists, new profile?" (new Error("", "(unknown module)"))
1619823703334	Marionette	INFO	Listening on port 11242
console.warn: SearchSettings: "get: No settings file exists, new profile?" (new Error("", "(unknown module)"))
1619823703663	Marionette	WARN	TLS certificate errors will be ignored for this session
1619823703710	Marionette	ERROR	[21] No reply from Marionette:Register
1619823709202	Marionette	INFO	Stopped listening on port 11242

###!!! [Child][RunMessage] Error: Channel closing: too late to send/recv, messages will be lost

1619823713054	mozrunner::runner	INFO	Running command: "C:\\Program Files\\Mozilla Firefox\\firefox.exe" "-marionette" "-foreground" "-no-remote" "-profile" "C:\\Users\\86130\\AppData\\Local\\Temp\\rust_mozprofiler96oKX"
JavaScript error: resource://gre/modules/XULStore.jsm, line 66: Error: Can't find profile directory.
console.warn: SearchSettings: "get: No settings file exists, new profile?" (new Error("", "(unknown module)"))
console.warn: SearchSettings: "get: No settings file exists, new profile?" (new Error("", "(unknown module)"))
1619823716478	Marionette	INFO	Listening on port 11317
1619823716714	Marionette	WARN	TLS certificate errors will be ignored for this session
1619823716757	Marionette	ERROR	[18] No reply from Marionette:Register
1619823721696	Marionette	INFO	Stopped listening on port 11317
1619823725567	mozrunner::runner	INFO	Running command: "C:\\Program Files\\Mozilla Firefox\\firefox.exe" "-marionette" "-foreground" "-no-remote" "-profile" "C:\\Users\\86130\\AppData\\Local\\Temp\\rust_mozprofilel2IE0m"
JavaScript error: resource://gre/modules/XULStore.jsm, line 66: Error: Can't find profile directory.
console.warn: SearchSettings: "get: No settings file exists, new profile?" (new Error("", "(unknown module)"))
console.warn: SearchSettings: "get: No settings file exists, new profile?" (new Error("", "(unknown module)"))
1619823728939	Marionette	INFO	Listening on port 11388
1619823729211	Marionette	WARN	TLS certificate errors will be ignored for this session
1619823729256	Marionette	ERROR	[18] No reply from Marionette:Register
1619823734470	Marionette	INFO	Stopped listening on port 11388

###!!! [Child][RunMessage] Error: Channel closing: too late to send/recv, messages will be lost

1619823738349	mozrunner::runner	INFO	Running command: "C:\\Program Files\\Mozilla Firefox\\firefox.exe" "-marionette" "-foreground" "-no-remote" "-profile" "C:\\Users\\86130\\AppData\\Local\\Temp\\rust_mozprofileouSIAO"
JavaScript error: resource://gre/modules/XULStore.jsm, line 66: Error: Can't find profile directory.
console.warn: SearchSettings: "get: No settings file exists, new profile?" (new Error("", "(unknown module)"))
console.warn: SearchSettings: "get: No settings file exists, new profile?" (new Error("", "(unknown module)"))
1619823741752	Marionette	INFO	Listening on port 11461
1619823741998	Marionette	WARN	TLS certificate errors will be ignored for this session
1619823742040	Marionette	ERROR	[18] No reply from Marionette:Register
1619823747309	Marionette	INFO	Stopped listening on port 11461
1619823751194	mozrunner::runner	INFO	Running command: "C:\\Program Files\\Mozilla Firefox\\firefox.exe" "-marionette" "-foreground" "-no-remote" "-profile" "C:\\Users\\86130\\AppData\\Local\\Temp\\rust_mozprofileE65prq"
JavaScript error: resource://gre/modules/XULStore.jsm, line 66: Error: Can't find profile directory.
console.warn: SearchSettings: "get: No settings file exists, new profile?" (new Error("", "(unknown module)"))
console.warn: SearchSettings: "get: No settings file exists, new profile?" (new Error("", "(unknown module)"))
1619823754665	Marionette	INFO	Listening on port 11533
1619823754879	Marionette	WARN	TLS certificate errors will be ignored for this session
1619823754957	Marionette	ERROR	[21] No reply from Marionette:Register
1619823760377	Marionette	INFO	Stopped listening on port 11533

###!!! [Child][RunMessage] Error: Channel closing: too late to send/recv, messages will be lost

1622814609885	mozrunner::runner	INFO	Running command: "C:\\Program Files\\Mozilla Firefox\\firefox.exe" "-marionette" "-foreground" "-no-remote" "-profile" "C:\\Users\\86130\\AppData\\Local\\Temp\\rust_mozprofile1YQEKd"
JavaScript error: resource://gre/modules/XULStore.jsm, line 66: Error: Can't find profile directory.
console.warn: SearchSettings: "get: No settings file exists, new profile?" (new Error("", "(unknown module)"))
1622814616698	Marionette	INFO	Listening on port 5578
console.warn: SearchSettings: "get: No settings file exists, new profile?" (new Error("", "(unknown module)"))
1622814616952	Marionette	WARN	TLS certificate errors will be ignored for this session
1622814617020	Marionette	ERROR	[18] No reply from Marionette:Register
1622814622737	Marionette	INFO	Stopped listening on port 5578

###!!! [Child][RunMessage] Error: Channel closing: too late to send/recv, messages will be lost

1622814627185	mozrunner::runner	INFO	Running command: "C:\\Program Files\\Mozilla Firefox\\firefox.exe" "-marionette" "-foreground" "-no-remote" "-profile" "C:\\Users\\86130\\AppData\\Local\\Temp\\rust_mozprofile6noEJ6"
JavaScript error: resource://gre/modules/XULStore.jsm, line 66: Error: Can't find profile directory.
console.warn: SearchSettings: "get: No settings file exists, new profile?" (new Error("", "(unknown module)"))
console.warn: SearchSettings: "get: No settings file exists, new profile?" (new Error("", "(unknown module)"))
1622814631897	Marionette	INFO	Listening on port 5674
1622814632069	Marionette	WARN	TLS certificate errors will be ignored for this session
1622814632135	Marionette	ERROR	[18] No reply from Marionette:Register
1622814638436	Marionette	INFO	Stopped listening on port 5674

###!!! [Child][RunMessage] Error: Channel closing: too late to send/recv, messages will be lost

1622814642561	mozrunner::runner	INFO	Running command: "C:\\Program Files\\Mozilla Firefox\\firefox.exe" "-marionette" "-foreground" "-no-remote" "-profile" "C:\\Users\\86130\\AppData\\Local\\Temp\\rust_mozprofileX01l1m"
JavaScript error: resource://gre/modules/XULStore.jsm, line 66: Error: Can't find profile directory.
console.warn: SearchSettings: "get: No settings file exists, new profile?" (new Error("", "(unknown module)"))
console.warn: SearchSettings: "get: No settings file exists, new profile?" (new Error("", "(unknown module)"))
1622814647158	Marionette	INFO	Listening on port 5754
1622814647415	Marionette	WARN	TLS certificate errors will be ignored for this session
1622814647467	Marionette	ERROR	[18] No reply from Marionette:Register
1622814653650	Marionette	INFO	Stopped listening on port 5754

###!!! [Child][RunMessage] Error: Channel closing: too late to send/recv, messages will be lost

1622814657891	mozrunner::runner	INFO	Running command: "C:\\Program Files\\Mozilla Firefox\\firefox.exe" "-marionette" "-foreground" "-no-remote" "-profile" "C:\\Users\\86130\\AppData\\Local\\Temp\\rust_mozprofiledAiUkd"
JavaScript error: resource://gre/modules/XULStore.jsm, line 66: Error: Can't find profile directory.
console.warn: SearchSettings: "get: No settings file exists, new profile?" (new Error("", "(unknown module)"))
console.warn: SearchSettings: "get: No settings file exists, new profile?" (new Error("", "(unknown module)"))
1622814662479	Marionette	INFO	Listening on port 5846
1622814662731	Marionette	WARN	TLS certificate errors will be ignored for this session
1622814662786	Marionette	ERROR	[18] No reply from Marionette:Register
1622814669058	Marionette	INFO	Stopped listening on port 5846

###!!! [Child][RunMessage] Error: Channel closing: too late to send/recv, messages will be lost

1622814673204	mozrunner::runner	INFO	Running command: "C:\\Program Files\\Mozilla Firefox\\firefox.exe" "-marionette" "-foreground" "-no-remote" "-profile" "C:\\Users\\86130\\AppData\\Local\\Temp\\rust_mozprofileF9wuxt"
JavaScript error: resource://gre/modules/XULStore.jsm, line 66: Error: Can't find profile directory.
console.warn: SearchSettings: "get: No settings file exists, new profile?" (new Error("", "(unknown module)"))
console.warn: SearchSettings: "get: No settings file exists, new profile?" (new Error("", "(unknown module)"))
1622814678030	Marionette	INFO	Listening on port 5935
1622814678550	Marionette	WARN	TLS certificate errors will be ignored for this session
1622814678607	Marionette	ERROR	[18] No reply from Marionette:Register
1622814685383	Marionette	INFO	Stopped listening on port 5935

###!!! [Child][RunMessage] Error: Channel closing: too late to send/recv, messages will be lost

1622814689541	mozrunner::runner	INFO	Running command: "C:\\Program Files\\Mozilla Firefox\\firefox.exe" "-marionette" "-foreground" "-no-remote" "-profile" "C:\\Users\\86130\\AppData\\Local\\Temp\\rust_mozprofile8h3og4"
JavaScript error: resource://gre/modules/XULStore.jsm, line 66: Error: Can't find profile directory.
console.warn: SearchSettings: "get: No settings file exists, new profile?" (new Error("", "(unknown module)"))
console.warn: SearchSettings: "get: No settings file exists, new profile?" (new Error("", "(unknown module)"))
1622814694176	Marionette	INFO	Listening on port 6026
1622814694375	Marionette	WARN	TLS certificate errors will be ignored for this session
[Parent 13616, IPC I/O Parent] WARNING: file /builds/worker/checkouts/gecko/ipc/chromium/src/base/process_util_win.cc:167
1622814694446	Marionette	ERROR	[18] No reply from Marionette:Register
1622814700555	Marionette	INFO	Stopped listening on port 6026

###!!! [Child][RunMessage] Error: Channel closing: too late to send/recv, messages will be lost

1622814704723	mozrunner::runner	INFO	Running command: "C:\\Program Files\\Mozilla Firefox\\firefox.exe" "-marionette" "-foreground" "-no-remote" "-profile" "C:\\Users\\86130\\AppData\\Local\\Temp\\rust_mozprofileNq0Js6"
JavaScript error: resource://gre/modules/XULStore.jsm, line 66: Error: Can't find profile directory.
console.warn: SearchSettings: "get: No settings file exists, new profile?" (new Error("", "(unknown module)"))
console.warn: SearchSettings: "get: No settings file exists, new profile?" (new Error("", "(unknown module)"))
1622814709249	Marionette	INFO	Listening on port 6116
1622814709562	Marionette	WARN	TLS certificate errors will be ignored for this session
1622814709624	Marionette	ERROR	[21] No reply from Marionette:Register
1622814715357	Marionette	INFO	Stopped listening on port 6116

###!!! [Child][RunMessage] Error: Channel closing: too late to send/recv, messages will be lost

1622814719531	mozrunner::runner	INFO	Running command: "C:\\Program Files\\Mozilla Firefox\\firefox.exe" "-marionette" "-foreground" "-no-remote" "-profile" "C:\\Users\\86130\\AppData\\Local\\Temp\\rust_mozprofile8gSpfX"
JavaScript error: resource://gre/modules/XULStore.jsm, line 66: Error: Can't find profile directory.
console.warn: SearchSettings: "get: No settings file exists, new profile?" (new Error("", "(unknown module)"))
console.warn: SearchSettings: "get: No settings file exists, new profile?" (new Error("", "(unknown module)"))
1622814724126	Marionette	INFO	Listening on port 6206
1622814724353	Marionette	WARN	TLS certificate errors will be ignored for this session
1622814724406	Marionette	ERROR	[18] No reply from Marionette:Register
1622814730706	Marionette	INFO	Stopped listening on port 6206

###!!! [Child][RunMessage] Error: Channel closing: too late to send/recv, messages will be lost

1622814734920	mozrunner::runner	INFO	Running command: "C:\\Program Files\\Mozilla Firefox\\firefox.exe" "-marionette" "-foreground" "-no-remote" "-profile" "C:\\Users\\86130\\AppData\\Local\\Temp\\rust_mozprofileTM8hdX"
JavaScript error: resource://gre/modules/XULStore.jsm, line 66: Error: Can't find profile directory.
console.warn: SearchSettings: "get: No settings file exists, new profile?" (new Error("", "(unknown module)"))
console.warn: SearchSettings: "get: No settings file exists, new profile?" (new Error("", "(unknown module)"))
1622814739474	Marionette	INFO	Listening on port 6294
1622814739752	Marionette	WARN	TLS certificate errors will be ignored for this session
1622814739819	Marionette	ERROR	[18] No reply from Marionette:Register
1622814745909	Marionette	INFO	Stopped listening on port 6294

###!!! [Child][RunMessage] Error: Channel closing: too late to send/recv, messages will be lost

1622814750056	mozrunner::runner	INFO	Running command: "C:\\Program Files\\Mozilla Firefox\\firefox.exe" "-marionette" "-foreground" "-no-remote" "-profile" "C:\\Users\\86130\\AppData\\Local\\Temp\\rust_mozprofileDVX1J2"
JavaScript error: resource://gre/modules/XULStore.jsm, line 66: Error: Can't find profile directory.
console.warn: SearchSettings: "get: No settings file exists, new profile?" (new Error("", "(unknown module)"))
console.warn: SearchSettings: "get: No settings file exists, new profile?" (new Error("", "(unknown module)"))
JavaScript error: chrome://browser/content/places/browserPlacesViews.js, line 131: Error: No DOM node set for aPlacesNode.
node.type: 0. node.parent: [xpconnect wrapped nsINavHistoryResultNode]
1622814754695	Marionette	INFO	Listening on port 6381
1622814754919	Marionette	WARN	TLS certificate errors will be ignored for this session
1622814754987	Marionette	ERROR	[18] No reply from Marionette:Register
1622814761142	Marionette	INFO	Stopped listening on port 6381

###!!! [Child][RunMessage] Error: Channel closing: too late to send/recv, messages will be lost

1622814765294	mozrunner::runner	INFO	Running command: "C:\\Program Files\\Mozilla Firefox\\firefox.exe" "-marionette" "-foreground" "-no-remote" "-profile" "C:\\Users\\86130\\AppData\\Local\\Temp\\rust_mozprofileBv7Zvy"
JavaScript error: resource://gre/modules/XULStore.jsm, line 66: Error: Can't find profile directory.
console.warn: SearchSettings: "get: No settings file exists, new profile?" (new Error("", "(unknown module)"))
console.warn: SearchSettings: "get: No settings file exists, new profile?" (new Error("", "(unknown module)"))
1622814769654	Marionette	INFO	Listening on port 6468
1622814770141	Marionette	WARN	TLS certificate errors will be ignored for this session
1622814770206	Marionette	ERROR	[21] No reply from Marionette:Register
1622814776713	Marionette	INFO	Stopped listening on port 6468

###!!! [Child][RunMessage] Error: Channel closing: too late to send/recv, messages will be lost

1622814780838	mozrunner::runner	INFO	Running command: "C:\\Program Files\\Mozilla Firefox\\firefox.exe" "-marionette" "-foreground" "-no-remote" "-profile" "C:\\Users\\86130\\AppData\\Local\\Temp\\rust_mozprofile7gVrMs"
JavaScript error: resource://gre/modules/XULStore.jsm, line 66: Error: Can't find profile directory.
console.warn: SearchSettings: "get: No settings file exists, new profile?" (new Error("", "(unknown module)"))
console.warn: SearchSettings: "get: No settings file exists, new profile?" (new Error("", "(unknown module)"))
1622814785342	Marionette	INFO	Listening on port 6551
1622814785694	Marionette	WARN	TLS certificate errors will be ignored for this session
1622814785752	Marionette	ERROR	[18] No reply from Marionette:Register
1622814792153	Marionette	INFO	Stopped listening on port 6551

###!!! [Child][RunMessage] Error: Channel closing: too late to send/recv, messages will be lost

1622814796320	mozrunner::runner	INFO	Running command: "C:\\Program Files\\Mozilla Firefox\\firefox.exe" "-marionette" "-foreground" "-no-remote" "-profile" "C:\\Users\\86130\\AppData\\Local\\Temp\\rust_mozprofile0s3Uew"
JavaScript error: resource://gre/modules/XULStore.jsm, line 66: Error: Can't find profile directory.
console.warn: SearchSettings: "get: No settings file exists, new profile?" (new Error("", "(unknown module)"))
console.warn: SearchSettings: "get: No settings file exists, new profile?" (new Error("", "(unknown module)"))
1622814801008	Marionette	INFO	Listening on port 6636
1622814801175	Marionette	WARN	TLS certificate errors will be ignored for this session
1622814801242	Marionette	ERROR	[18] No reply from Marionette:Register
1622814807459	Marionette	INFO	Stopped listening on port 6636
JavaScript error: resource://gre/modules/UrlClassifierListManager.jsm, line 691: TypeError: this.tablesData[table] is undefined
[Parent 21068, IPC I/O Parent] WARNING: file /builds/worker/checkouts/gecko/ipc/chromium/src/base/process_util_win.cc:167

###!!! [Child][RunMessage] Error: Channel closing: too late to send/recv, messages will be lost

1622814811701	mozrunner::runner	INFO	Running command: "C:\\Program Files\\Mozilla Firefox\\firefox.exe" "-marionette" "-foreground" "-no-remote" "-profile" "C:\\Users\\86130\\AppData\\Local\\Temp\\rust_mozprofile3nieJJ"
JavaScript error: resource://gre/modules/XULStore.jsm, line 66: Error: Can't find profile directory.
console.warn: SearchSettings: "get: No settings file exists, new profile?" (new Error("", "(unknown module)"))
console.warn: SearchSettings: "get: No settings file exists, new profile?" (new Error("", "(unknown module)"))
1622814816396	Marionette	INFO	Listening on port 6730
1622814816572	Marionette	WARN	TLS certificate errors will be ignored for this session
1622814816631	Marionette	ERROR	[21] No reply from Marionette:Register
1622814823488	Marionette	INFO	Stopped listening on port 6730

###!!! [Child][RunMessage] Error: Channel closing: too late to send/recv, messages will be lost

1622814827680	mozrunner::runner	INFO	Running command: "C:\\Program Files\\Mozilla Firefox\\firefox.exe" "-marionette" "-foreground" "-no-remote" "-profile" "C:\\Users\\86130\\AppData\\Local\\Temp\\rust_mozprofileVaVN8c"
JavaScript error: resource://gre/modules/XULStore.jsm, line 66: Error: Can't find profile directory.
console.warn: SearchSettings: "get: No settings file exists, new profile?" (new Error("", "(unknown module)"))
console.warn: SearchSettings: "get: No settings file exists, new profile?" (new Error("", "(unknown module)"))
1622814832338	Marionette	INFO	Listening on port 6826
1622814832518	Marionette	WARN	TLS certificate errors will be ignored for this session
1622814832572	Marionette	ERROR	[18] No reply from Marionette:Register
console.error: services.settings: 
  main/message-groups Signature failed  TypeError: NetworkError when attempting to fetch resource.
console.error: services.settings: 
  main/fxmonitor-breaches Signature failed  TypeError: NetworkError when attempting to fetch resource.
console.error: services.settings: 
  main/partitioning-exempt-urls Signature failed  TypeError: NetworkError when attempting to fetch resource.
console.error: services.settings: 
  main/cfr-fxa Signature failed  TypeError: NetworkError when attempting to fetch resource.
1622814838553	Marionette	INFO	Stopped listening on port 6826
JavaScript error: resource://activity-stream/lib/ASRouter.jsm, line 987: NS_ERROR_ILLEGAL_VALUE: Component returned failure code: 0x80070057 (NS_ERROR_ILLEGAL_VALUE) [nsIObserverService.removeObserver]
console.error: services.settings: 
  main/cfr Signature failed  TypeError: NetworkError when attempting to fetch resource.

###!!! [Child][RunMessage] Error: Channel closing: too late to send/recv, messages will be lost

1622814842706	mozrunner::runner	INFO	Running command: "C:\\Program Files\\Mozilla Firefox\\firefox.exe" "-marionette" "-foreground" "-no-remote" "-profile" "C:\\Users\\86130\\AppData\\Local\\Temp\\rust_mozprofileM9yseU"
JavaScript error: resource://gre/modules/XULStore.jsm, line 66: Error: Can't find profile directory.
console.warn: SearchSettings: "get: No settings file exists, new profile?" (new Error("", "(unknown module)"))
console.warn: SearchSettings: "get: No settings file exists, new profile?" (new Error("", "(unknown module)"))
JavaScript error: chrome://browser/content/places/browserPlacesViews.js, line 131: Error: No DOM node set for aPlacesNode.
node.type: 0. node.parent: [xpconnect wrapped nsINavHistoryResultNode]
1622814847371	Marionette	INFO	Listening on port 6953
1622814847558	Marionette	WARN	TLS certificate errors will be ignored for this session
1622814847621	Marionette	ERROR	[18] No reply from Marionette:Register
console.error: services.settings: 
  main/fxmonitor-breaches Signature failed  TypeError: NetworkError when attempting to fetch resource.
console.error: services.settings: 
  main/message-groups Signature failed  TypeError: NetworkError when attempting to fetch resource.
1622814853631	Marionette	INFO	Stopped listening on port 6953
JavaScript error: resource://activity-stream/lib/ASRouter.jsm, line 987: NS_ERROR_ILLEGAL_VALUE: Component returned failure code: 0x80070057 (NS_ERROR_ILLEGAL_VALUE) [nsIObserverService.removeObserver]
console.error: services.settings: 
  main/cfr-fxa Signature failed  TypeError: NetworkError when attempting to fetch resource.
console.error: services.settings: 
  main/partitioning-exempt-urls Signature failed  TypeError: NetworkError when attempting to fetch resource.

###!!! [Child][RunMessage] Error: Channel closing: too late to send/recv, messages will be lost

1622814857775	mozrunner::runner	INFO	Running command: "C:\\Program Files\\Mozilla Firefox\\firefox.exe" "-marionette" "-foreground" "-no-remote" "-profile" "C:\\Users\\86130\\AppData\\Local\\Temp\\rust_mozprofilepey9p8"
JavaScript error: resource://gre/modules/XULStore.jsm, line 66: Error: Can't find profile directory.
console.warn: SearchSettings: "get: No settings file exists, new profile?" (new Error("", "(unknown module)"))
console.warn: SearchSettings: "get: No settings file exists, new profile?" (new Error("", "(unknown module)"))
1622814862283	Marionette	INFO	Listening on port 7091
1622814862638	Marionette	WARN	TLS certificate errors will be ignored for this session
1622814862697	Marionette	ERROR	[18] No reply from Marionette:Register
console.error: services.settings: 
  main/fxmonitor-breaches Signature failed  TypeError: NetworkError when attempting to fetch resource.
console.error: services.settings: 
  main/message-groups Signature failed  TypeError: NetworkError when attempting to fetch resource.
console.error: services.settings: 
  main/partitioning-exempt-urls Signature failed  TypeError: NetworkError when attempting to fetch resource.
1622814868888	Marionette	INFO	Stopped listening on port 7091
JavaScript error: resource://activity-stream/lib/ASRouter.jsm, line 987: NS_ERROR_ILLEGAL_VALUE: Component returned failure code: 0x80070057 (NS_ERROR_ILLEGAL_VALUE) [nsIObserverService.removeObserver]
console.error: services.settings: 
  main/cfr-fxa Signature failed  TypeError: NetworkError when attempting to fetch resource.
1622814873085	mozrunner::runner	INFO	Running command: "C:\\Program Files\\Mozilla Firefox\\firefox.exe" "-marionette" "-foreground" "-no-remote" "-profile" "C:\\Users\\86130\\AppData\\Local\\Temp\\rust_mozprofileDUXPDV"
JavaScript error: resource://gre/modules/XULStore.jsm, line 66: Error: Can't find profile directory.
console.warn: SearchSettings: "get: No settings file exists, new profile?" (new Error("", "(unknown module)"))
console.warn: SearchSettings: "get: No settings file exists, new profile?" (new Error("", "(unknown module)"))
1622814877604	Marionette	INFO	Listening on port 7220
1622814877958	Marionette	WARN	TLS certificate errors will be ignored for this session
1622814878021	Marionette	ERROR	[18] No reply from Marionette:Register
console.error: services.settings: 
  main/message-groups Signature failed  TypeError: NetworkError when attempting to fetch resource.
console.error: services.settings: 
  main/partitioning-exempt-urls Signature failed  TypeError: NetworkError when attempting to fetch resource.
console.error: services.settings: 
  main/cfr-fxa Signature failed  TypeError: NetworkError when attempting to fetch resource.
console.error: services.settings: 
  main/fxmonitor-breaches Signature failed  TypeError: NetworkError when attempting to fetch resource.
1622814885054	Marionette	INFO	Stopped listening on port 7220
JavaScript error: resource://activity-stream/lib/ASRouter.jsm, line 987: NS_ERROR_ILLEGAL_VALUE: Component returned failure code: 0x80070057 (NS_ERROR_ILLEGAL_VALUE) [nsIObserverService.removeObserver]
console.error: services.settings: 
  main/cfr Signature failed  TypeError: NetworkError when attempting to fetch resource.

###!!! [Child][RunMessage] Error: Channel closing: too late to send/recv, messages will be lost

1622814889209	mozrunner::runner	INFO	Running command: "C:\\Program Files\\Mozilla Firefox\\firefox.exe" "-marionette" "-foreground" "-no-remote" "-profile" "C:\\Users\\86130\\AppData\\Local\\Temp\\rust_mozprofilerTmbCV"
JavaScript error: resource://gre/modules/XULStore.jsm, line 66: Error: Can't find profile directory.
console.warn: SearchSettings: "get: No settings file exists, new profile?" (new Error("", "(unknown module)"))
console.warn: SearchSettings: "get: No settings file exists, new profile?" (new Error("", "(unknown module)"))
1622814894323	Marionette	INFO	Listening on port 7356
1622814894569	Marionette	WARN	TLS certificate errors will be ignored for this session
1622814894607	Marionette	ERROR	[18] No reply from Marionette:Register
console.error: services.settings: 
  main/fxmonitor-breaches Signature failed  TypeError: NetworkError when attempting to fetch resource.
console.error: services.settings: 
  main/message-groups Signature failed  TypeError: NetworkError when attempting to fetch resource.
console.error: services.settings: 
  main/partitioning-exempt-urls Signature failed  TypeError: NetworkError when attempting to fetch resource.
1622814901434	Marionette	INFO	Stopped listening on port 7356
JavaScript error: resource://activity-stream/lib/ASRouter.jsm, line 987: NS_ERROR_ILLEGAL_VALUE: Component returned failure code: 0x80070057 (NS_ERROR_ILLEGAL_VALUE) [nsIObserverService.removeObserver]
console.error: services.settings: 
  main/cfr-fxa Signature failed  TypeError: NetworkError when attempting to fetch resource.

###!!! [Child][RunMessage] Error: Channel closing: too late to send/recv, messages will be lost

1622814905879	mozrunner::runner	INFO	Running command: "C:\\Program Files\\Mozilla Firefox\\firefox.exe" "-marionette" "-foreground" "-no-remote" "-profile" "C:\\Users\\86130\\AppData\\Local\\Temp\\rust_mozprofileeAeoGE"
JavaScript error: resource://gre/modules/XULStore.jsm, line 66: Error: Can't find profile directory.
console.warn: SearchSettings: "get: No settings file exists, new profile?" (new Error("", "(unknown module)"))
console.warn: SearchSettings: "get: No settings file exists, new profile?" (new Error("", "(unknown module)"))
1622814910932	Marionette	INFO	Listening on port 7488
1622814911264	Marionette	WARN	TLS certificate errors will be ignored for this session
1622814911320	Marionette	ERROR	[18] No reply from Marionette:Register
1622814918154	Marionette	INFO	Stopped listening on port 7488
1622814922378	mozrunner::runner	INFO	Running command: "C:\\Program Files\\Mozilla Firefox\\firefox.exe" "-marionette" "-foreground" "-no-remote" "-profile" "C:\\Users\\86130\\AppData\\Local\\Temp\\rust_mozprofileDqn0pm"
JavaScript error: resource://gre/modules/XULStore.jsm, line 66: Error: Can't find profile directory.
console.warn: SearchSettings: "get: No settings file exists, new profile?" (new Error("", "(unknown module)"))
console.warn: SearchSettings: "get: No settings file exists, new profile?" (new Error("", "(unknown module)"))
1622814927722	Marionette	INFO	Listening on port 7588
1622814928236	Marionette	WARN	TLS certificate errors will be ignored for this session
1622814928274	Marionette	ERROR	[21] No reply from Marionette:Register
1622814934101	Marionette	INFO	Stopped listening on port 7588

###!!! [Child][RunMessage] Error: Channel closing: too late to send/recv, messages will be lost

1622814938528	mozrunner::runner	INFO	Running command: "C:\\Program Files\\Mozilla Firefox\\firefox.exe" "-marionette" "-foreground" "-no-remote" "-profile" "C:\\Users\\86130\\AppData\\Local\\Temp\\rust_mozprofilegqSehL"
JavaScript error: resource://gre/modules/XULStore.jsm, line 66: Error: Can't find profile directory.
console.warn: SearchSettings: "get: No settings file exists, new profile?" (new Error("", "(unknown module)"))
console.warn: SearchSettings: "get: No settings file exists, new profile?" (new Error("", "(unknown module)"))
1622814943352	Marionette	INFO	Listening on port 7716
1622814943873	Marionette	WARN	TLS certificate errors will be ignored for this session
1622814943918	Marionette	ERROR	[18] No reply from Marionette:Register
1622814949854	Marionette	INFO	Stopped listening on port 7716
1622814954476	mozrunner::runner	INFO	Running command: "C:\\Program Files\\Mozilla Firefox\\firefox.exe" "-marionette" "-foreground" "-no-remote" "-profile" "C:\\Users\\86130\\AppData\\Local\\Temp\\rust_mozprofilezdVf8z"
JavaScript error: resource://gre/modules/XULStore.jsm, line 66: Error: Can't find profile directory.
console.warn: SearchSettings: "get: No settings file exists, new profile?" (new Error("", "(unknown module)"))
console.warn: SearchSettings: "get: No settings file exists, new profile?" (new Error("", "(unknown module)"))
1622814959688	Marionette	INFO	Listening on port 7810
1622814959836	Marionette	WARN	TLS certificate errors will be ignored for this session
1622814959886	Marionette	ERROR	[18] No reply from Marionette:Register
1622814965636	Marionette	INFO	Stopped listening on port 7810

###!!! [Child][RunMessage] Error: Channel closing: too late to send/recv, messages will be lost

1622814969907	mozrunner::runner	INFO	Running command: "C:\\Program Files\\Mozilla Firefox\\firefox.exe" "-marionette" "-foreground" "-no-remote" "-profile" "C:\\Users\\86130\\AppData\\Local\\Temp\\rust_mozprofileaTqZzS"
JavaScript error: resource://gre/modules/XULStore.jsm, line 66: Error: Can't find profile directory.
console.warn: SearchSettings: "get: No settings file exists, new profile?" (new Error("", "(unknown module)"))
console.warn: SearchSettings: "get: No settings file exists, new profile?" (new Error("", "(unknown module)"))
1622814974601	Marionette	INFO	Listening on port 7908
1622814974793	Marionette	WARN	TLS certificate errors will be ignored for this session
1622814974856	Marionette	ERROR	[18] No reply from Marionette:Register
1622814980930	Marionette	INFO	Stopped listening on port 7908

###!!! [Child][RunMessage] Error: Channel closing: too late to send/recv, messages will be lost

1622814985109	mozrunner::runner	INFO	Running command: "C:\\Program Files\\Mozilla Firefox\\firefox.exe" "-marionette" "-foreground" "-no-remote" "-profile" "C:\\Users\\86130\\AppData\\Local\\Temp\\rust_mozprofileuXw4iu"
JavaScript error: resource://gre/modules/XULStore.jsm, line 66: Error: Can't find profile directory.
console.warn: SearchSettings: "get: No settings file exists, new profile?" (new Error("", "(unknown module)"))
console.warn: SearchSettings: "get: No settings file exists, new profile?" (new Error("", "(unknown module)"))
1622814989720	Marionette	INFO	Listening on port 8001
1622814989973	Marionette	WARN	TLS certificate errors will be ignored for this session
1622814990035	Marionette	ERROR	[18] No reply from Marionette:Register
1622814996752	Marionette	INFO	Stopped listening on port 8001

###!!! [Child][RunMessage] Error: Channel closing: too late to send/recv, messages will be lost

1622815000887	mozrunner::runner	INFO	Running command: "C:\\Program Files\\Mozilla Firefox\\firefox.exe" "-marionette" "-foreground" "-no-remote" "-profile" "C:\\Users\\86130\\AppData\\Local\\Temp\\rust_mozprofileMoiZFf"
JavaScript error: resource://gre/modules/XULStore.jsm, line 66: Error: Can't find profile directory.
console.warn: SearchSettings: "get: No settings file exists, new profile?" (new Error("", "(unknown module)"))
console.warn: SearchSettings: "get: No settings file exists, new profile?" (new Error("", "(unknown module)"))
1622815005497	Marionette	INFO	Listening on port 8099
1622815005730	Marionette	WARN	TLS certificate errors will be ignored for this session
1622815005788	Marionette	ERROR	[18] No reply from Marionette:Register
1622815011987	Marionette	INFO	Stopped listening on port 8099

###!!! [Child][RunMessage] Error: Channel closing: too late to send/recv, messages will be lost

1622815016121	mozrunner::runner	INFO	Running command: "C:\\Program Files\\Mozilla Firefox\\firefox.exe" "-marionette" "-foreground" "-no-remote" "-profile" "C:\\Users\\86130\\AppData\\Local\\Temp\\rust_mozprofile1AUWD5"
JavaScript error: resource://gre/modules/XULStore.jsm, line 66: Error: Can't find profile directory.
console.warn: SearchSettings: "get: No settings file exists, new profile?" (new Error("", "(unknown module)"))
console.warn: SearchSettings: "get: No settings file exists, new profile?" (new Error("", "(unknown module)"))
1622815020667	Marionette	INFO	Listening on port 8190
1622815020998	Marionette	WARN	TLS certificate errors will be ignored for this session
1622815021062	Marionette	ERROR	[18] No reply from Marionette:Register
1622815027391	Marionette	INFO	Stopped listening on port 8190

###!!! [Child][RunMessage] Error: Channel closing: too late to send/recv, messages will be lost

1622815031662	mozrunner::runner	INFO	Running command: "C:\\Program Files\\Mozilla Firefox\\firefox.exe" "-marionette" "-foreground" "-no-remote" "-profile" "C:\\Users\\86130\\AppData\\Local\\Temp\\rust_mozprofilePks24a"
JavaScript error: resource://gre/modules/XULStore.jsm, line 66: Error: Can't find profile directory.
console.warn: SearchSettings: "get: No settings file exists, new profile?" (new Error("", "(unknown module)"))
console.warn: SearchSettings: "get: No settings file exists, new profile?" (new Error("", "(unknown module)"))
1622815036429	Marionette	INFO	Listening on port 8277
1622815036528	Marionette	WARN	TLS certificate errors will be ignored for this session
1622815036589	Marionette	ERROR	[18] No reply from Marionette:Register
1622815042610	Marionette	INFO	Stopped listening on port 8277

###!!! [Child][RunMessage] Error: Channel closing: too late to send/recv, messages will be lost


###!!! [Child][RunMessage] Error: Channel closing: too late to send/recv, messages will be lost

1622815047027	mozrunner::runner	INFO	Running command: "C:\\Program Files\\Mozilla Firefox\\firefox.exe" "-marionette" "-foreground" "-no-remote" "-profile" "C:\\Users\\86130\\AppData\\Local\\Temp\\rust_mozprofileKIKnrq"
JavaScript error: resource://gre/modules/XULStore.jsm, line 66: Error: Can't find profile directory.
console.warn: SearchSettings: "get: No settings file exists, new profile?" (new Error("", "(unknown module)"))
console.warn: SearchSettings: "get: No settings file exists, new profile?" (new Error("", "(unknown module)"))
1622815051703	Marionette	INFO	Listening on port 8366
1622815051927	Marionette	WARN	TLS certificate errors will be ignored for this session
1622815052003	Marionette	ERROR	[18] No reply from Marionette:Register
1622815058231	Marionette	INFO	Stopped listening on port 8366

###!!! [Child][RunMessage] Error: Channel closing: too late to send/recv, messages will be lost

1622815062522	mozrunner::runner	INFO	Running command: "C:\\Program Files\\Mozilla Firefox\\firefox.exe" "-marionette" "-foreground" "-no-remote" "-profile" "C:\\Users\\86130\\AppData\\Local\\Temp\\rust_mozprofile7VTN07"
JavaScript error: resource://gre/modules/XULStore.jsm, line 66: Error: Can't find profile directory.
console.warn: SearchSettings: "get: No settings file exists, new profile?" (new Error("", "(unknown module)"))
console.warn: SearchSettings: "get: No settings file exists, new profile?" (new Error("", "(unknown module)"))
1622815067131	Marionette	INFO	Listening on port 8461
1622815067372	Marionette	WARN	TLS certificate errors will be ignored for this session
1622815067426	Marionette	ERROR	[18] No reply from Marionette:Register
1622815073714	Marionette	INFO	Stopped listening on port 8461

###!!! [Child][RunMessage] Error: Channel closing: too late to send/recv, messages will be lost

1622815077982	mozrunner::runner	INFO	Running command: "C:\\Program Files\\Mozilla Firefox\\firefox.exe" "-marionette" "-foreground" "-no-remote" "-profile" "C:\\Users\\86130\\AppData\\Local\\Temp\\rust_mozprofiletBjD1m"
JavaScript error: resource://gre/modules/XULStore.jsm, line 66: Error: Can't find profile directory.
console.warn: SearchSettings: "get: No settings file exists, new profile?" (new Error("", "(unknown module)"))
console.warn: SearchSettings: "get: No settings file exists, new profile?" (new Error("", "(unknown module)"))
1622815082689	Marionette	INFO	Listening on port 8549
1622815082835	Marionette	WARN	TLS certificate errors will be ignored for this session
1622815082877	Marionette	ERROR	[18] No reply from Marionette:Register
console.error: services.settings: 
  main/fxmonitor-breaches Signature failed  TypeError: NetworkError when attempting to fetch resource.
console.error: services.settings: 
  main/message-groups Signature failed  TypeError: NetworkError when attempting to fetch resource.
console.error: services.settings: 
  main/partitioning-exempt-urls Signature failed  TypeError: NetworkError when attempting to fetch resource.
1622815088581	Marionette	INFO	Stopped listening on port 8549
JavaScript error: resource://activity-stream/lib/ASRouter.jsm, line 987: NS_ERROR_ILLEGAL_VALUE: Component returned failure code: 0x80070057 (NS_ERROR_ILLEGAL_VALUE) [nsIObserverService.removeObserver]
console.error: services.settings: 
  main/cfr-fxa Signature failed  TypeError: NetworkError when attempting to fetch resource.
[Parent 21868, IPC I/O Parent] WARNING: file /builds/worker/checkouts/gecko/ipc/chromium/src/base/process_util_win.cc:167

###!!! [Child][RunMessage] Error: Channel closing: too late to send/recv, messages will be lost

1622815092705	mozrunner::runner	INFO	Running command: "C:\\Program Files\\Mozilla Firefox\\firefox.exe" "-marionette" "-foreground" "-no-remote" "-profile" "C:\\Users\\86130\\AppData\\Local\\Temp\\rust_mozprofileudnbZB"
JavaScript error: resource://gre/modules/XULStore.jsm, line 66: Error: Can't find profile directory.
console.warn: SearchSettings: "get: No settings file exists, new profile?" (new Error("", "(unknown module)"))
1622815097199	Marionette	INFO	Listening on port 8676
console.warn: SearchSettings: "get: No settings file exists, new profile?" (new Error("", "(unknown module)"))
1622815097574	Marionette	WARN	TLS certificate errors will be ignored for this session
1622815097629	Marionette	ERROR	[18] No reply from Marionette:Register
console.error: services.settings: 
  main/fxmonitor-breaches Signature failed  TypeError: NetworkError when attempting to fetch resource.
console.error: services.settings: 
  main/message-groups Signature failed  TypeError: NetworkError when attempting to fetch resource.
console.error: services.settings: 
  main/partitioning-exempt-urls Signature failed  TypeError: NetworkError when attempting to fetch resource.
1622815103857	Marionette	INFO	Stopped listening on port 8676
JavaScript error: resource://activity-stream/lib/ASRouter.jsm, line 987: NS_ERROR_ILLEGAL_VALUE: Component returned failure code: 0x80070057 (NS_ERROR_ILLEGAL_VALUE) [nsIObserverService.removeObserver]
console.error: services.settings: 
  main/cfr-fxa Signature failed  TypeError: NetworkError when attempting to fetch resource.

###!!! [Child][RunMessage] Error: Channel closing: too late to send/recv, messages will be lost

1622815108060	mozrunner::runner	INFO	Running command: "C:\\Program Files\\Mozilla Firefox\\firefox.exe" "-marionette" "-foreground" "-no-remote" "-profile" "C:\\Users\\86130\\AppData\\Local\\Temp\\rust_mozprofile52mtYo"
JavaScript error: resource://gre/modules/XULStore.jsm, line 66: Error: Can't find profile directory.
console.warn: SearchSettings: "get: No settings file exists, new profile?" (new Error("", "(unknown module)"))
console.warn: SearchSettings: "get: No settings file exists, new profile?" (new Error("", "(unknown module)"))
1622815112636	Marionette	INFO	Listening on port 8805
1622815112937	Marionette	WARN	TLS certificate errors will be ignored for this session
1622815113002	Marionette	ERROR	[18] No reply from Marionette:Register
console.error: services.settings: 
  main/fxmonitor-breaches Signature failed  TypeError: NetworkError when attempting to fetch resource.
console.error: services.settings: 
  main/message-groups Signature failed  TypeError: NetworkError when attempting to fetch resource.
console.error: services.settings: 
  main/partitioning-exempt-urls Signature failed  TypeError: NetworkError when attempting to fetch resource.
1622815118769	Marionette	INFO	Stopped listening on port 8805
JavaScript error: resource://activity-stream/lib/ASRouter.jsm, line 987: NS_ERROR_ILLEGAL_VALUE: Component returned failure code: 0x80070057 (NS_ERROR_ILLEGAL_VALUE) [nsIObserverService.removeObserver]
console.error: services.settings: 
  main/cfr-fxa Signature failed  TypeError: NetworkError when attempting to fetch resource.

###!!! [Child][RunMessage] Error: Channel closing: too late to send/recv, messages will be lost

1622815123058	mozrunner::runner	INFO	Running command: "C:\\Program Files\\Mozilla Firefox\\firefox.exe" "-marionette" "-foreground" "-no-remote" "-profile" "C:\\Users\\86130\\AppData\\Local\\Temp\\rust_mozprofileOHMH5t"
JavaScript error: resource://gre/modules/XULStore.jsm, line 66: Error: Can't find profile directory.
console.warn: SearchSettings: "get: No settings file exists, new profile?" (new Error("", "(unknown module)"))
console.warn: SearchSettings: "get: No settings file exists, new profile?" (new Error("", "(unknown module)"))
1622815127527	Marionette	INFO	Listening on port 8940
1622815127909	Marionette	WARN	TLS certificate errors will be ignored for this session
1622815127966	Marionette	ERROR	[18] No reply from Marionette:Register
console.error: services.settings: 
  main/fxmonitor-breaches Signature failed  TypeError: NetworkError when attempting to fetch resource.
console.error: services.settings: 
  main/partitioning-exempt-urls Signature failed  TypeError: NetworkError when attempting to fetch resource.
1622815134360	Marionette	INFO	Stopped listening on port 8940
JavaScript error: resource://activity-stream/lib/ASRouter.jsm, line 987: NS_ERROR_ILLEGAL_VALUE: Component returned failure code: 0x80070057 (NS_ERROR_ILLEGAL_VALUE) [nsIObserverService.removeObserver]
console.error: services.settings: 
  main/message-groups Signature failed  TypeError: NetworkError when attempting to fetch resource.
[Parent 20732, IPC I/O Parent] WARNING: file /builds/worker/checkouts/gecko/ipc/chromium/src/base/process_util_win.cc:167
JavaScript error: , line 0: AbortError: A request was aborted, for example through a call to IDBTransaction.abort.
1622815138487	mozrunner::runner	INFO	Running command: "C:\\Program Files\\Mozilla Firefox\\firefox.exe" "-marionette" "-foreground" "-no-remote" "-profile" "C:\\Users\\86130\\AppData\\Local\\Temp\\rust_mozprofileaHuKtj"
JavaScript error: resource://gre/modules/XULStore.jsm, line 66: Error: Can't find profile directory.
console.warn: SearchSettings: "get: No settings file exists, new profile?" (new Error("", "(unknown module)"))
console.warn: SearchSettings: "get: No settings file exists, new profile?" (new Error("", "(unknown module)"))
1622815143112	Marionette	INFO	Listening on port 9050
1622815143338	Marionette	WARN	TLS certificate errors will be ignored for this session
1622815143400	Marionette	ERROR	[18] No reply from Marionette:Register
console.error: services.settings: 
  main/message-groups Signature failed  TypeError: NetworkError when attempting to fetch resource.
console.error: services.settings: 
  main/partitioning-exempt-urls Signature failed  TypeError: NetworkError when attempting to fetch resource.
1622815148833	Marionette	INFO	Stopped listening on port 9050
JavaScript error: resource://activity-stream/lib/ASRouter.jsm, line 987: NS_ERROR_ILLEGAL_VALUE: Component returned failure code: 0x80070057 (NS_ERROR_ILLEGAL_VALUE) [nsIObserverService.removeObserver]
console.error: services.settings: 
  main/cfr-fxa Signature failed  TypeError: NetworkError when attempting to fetch resource.
console.error: services.settings: 
  main/fxmonitor-breaches Signature failed  TypeError: NetworkError when attempting to fetch resource.
1622815153006	mozrunner::runner	INFO	Running command: "C:\\Program Files\\Mozilla Firefox\\firefox.exe" "-marionette" "-foreground" "-no-remote" "-profile" "C:\\Users\\86130\\AppData\\Local\\Temp\\rust_mozprofileqhaNoG"
JavaScript error: resource://gre/modules/XULStore.jsm, line 66: Error: Can't find profile directory.
console.warn: SearchSettings: "get: No settings file exists, new profile?" (new Error("", "(unknown module)"))
console.warn: SearchSettings: "get: No settings file exists, new profile?" (new Error("", "(unknown module)"))
1622815157544	Marionette	INFO	Listening on port 9175
1622815157880	Marionette	WARN	TLS certificate errors will be ignored for this session
1622815157937	Marionette	ERROR	[18] No reply from Marionette:Register
console.error: services.settings: 
  main/message-groups Signature failed  TypeError: NetworkError when attempting to fetch resource.
console.error: services.settings: 
  main/fxmonitor-breaches Signature failed  TypeError: NetworkError when attempting to fetch resource.
console.error: services.settings: 
  main/cfr-fxa Signature failed  TypeError: NetworkError when attempting to fetch resource.
1622815163880	Marionette	INFO	Stopped listening on port 9175
JavaScript error: resource://activity-stream/lib/ASRouter.jsm, line 987: NS_ERROR_ILLEGAL_VALUE: Component returned failure code: 0x80070057 (NS_ERROR_ILLEGAL_VALUE) [nsIObserverService.removeObserver]
console.error: services.settings: 
  main/cfr Signature failed  TypeError: NetworkError when attempting to fetch resource.
console.error: services.settings: 
  main/partitioning-exempt-urls Signature failed  TypeError: NetworkError when attempting to fetch resource.
[Parent 23588, IPC I/O Parent] WARNING: file /builds/worker/checkouts/gecko/ipc/chromium/src/base/process_util_win.cc:167

###!!! [Child][RunMessage] Error: Channel closing: too late to send/recv, messages will be lost

1622815168037	mozrunner::runner	INFO	Running command: "C:\\Program Files\\Mozilla Firefox\\firefox.exe" "-marionette" "-foreground" "-no-remote" "-profile" "C:\\Users\\86130\\AppData\\Local\\Temp\\rust_mozprofile38SMNb"
JavaScript error: resource://gre/modules/XULStore.jsm, line 66: Error: Can't find profile directory.
console.warn: SearchSettings: "get: No settings file exists, new profile?" (new Error("", "(unknown module)"))
1622815172401	Marionette	INFO	Listening on port 9305
console.warn: SearchSettings: "get: No settings file exists, new profile?" (new Error("", "(unknown module)"))
1622815172894	Marionette	WARN	TLS certificate errors will be ignored for this session
1622815172956	Marionette	ERROR	[21] No reply from Marionette:Register
console.error: services.settings: 
  main/message-groups Signature failed  TypeError: NetworkError when attempting to fetch resource.
console.error: services.settings: 
  main/fxmonitor-breaches Signature failed  TypeError: NetworkError when attempting to fetch resource.
1622815178094	Marionette	INFO	Stopped listening on port 9305
JavaScript error: resource://activity-stream/lib/ASRouter.jsm, line 987: NS_ERROR_ILLEGAL_VALUE: Component returned failure code: 0x80070057 (NS_ERROR_ILLEGAL_VALUE) [nsIObserverService.removeObserver]
console.error: services.settings: 
  main/cfr-fxa Signature failed  TypeError: NetworkError when attempting to fetch resource.
console.error: services.settings: 
  main/partitioning-exempt-urls Signature failed  TypeError: NetworkError when attempting to fetch resource.

###!!! [Child][RunMessage] Error: Channel closing: too late to send/recv, messages will be lost

